### Custom WaveView ADV log file, revision T-2022.06 (build May 21, ) ###
### created at 22:03:26 on Mon Oct 30 2023 (Linux AMD64) ###
### Host Name: ee21   User ID: dic290   PID: 21744   ###
wv_start_log
# (0) running in waveview only mode
# (0) SW_SX_PERL_LIB defined
# (0) SW_SX_TCL_LIB defined
# (0) HOME defined
wv_move_window {Custom WaveView} {} 2136 239
wv_select_window {Custom WaveView} 
wv_press_tool_button {Custom WaveView} {} {OpenWaveform0} 
wv_select_dialog {FileDialog} 
wv_select_list_item {FileDialog} {} {FileList} {Ex-2-2.tr0} 9 +ctrl
wv_select_list_item {FileDialog} {} {FileList} {Ex-2-2.mt0} 5 +ctrl
wv_press_button {FileDialog} {} {Ok} 
wv_expand_tree_item {Custom WaveView} {} {hierview} {D0:Ex-2-2.mt0(0)} {+sep=@}
wv_select_tree_item {Custom WaveView} {} {hierview} {D0:Ex-2-2.mt0(0)@measure(0)} {0} {+sep=@}
wv_expand_tree_item {Custom WaveView} {} {hierview} {D0:Ex-2-2.tr0(1)} {+sep=@}
wv_select_tree_item {Custom WaveView} {} {hierview} {D0:Ex-2-2.tr0(1)@toplevel(0)} {0} {+sep=@}
wv_select_list_item {Custom WaveView} {} {sigview} {v(a_1)} 5
wv_dclick_list_item {Custom WaveView} {} {sigview} {v(a_1)} 5
wv_select_list_item {Custom WaveView} {} {sigview} {v(c_1)} 8
wv_dclick_list_item {Custom WaveView} {} {sigview} {v(c_1)} 8
wv_select_waveview 1 {waveview 1}
wv_waveview_context_menu WV1.PANEL2:1.LEGEND
wv_select_waveview 1 {waveview 1}
wv_waveview_context_menu WV1.PANEL2:1.LINE1
wv_select_waveview 1 {waveview 1}
wv_select_menu_item {Custom WaveView} {waveview 1:1} {PanelPopMenu.Delete} 
wv_press_button {Confirmation} {} {Ok} 
wv_select_list_item {Custom WaveView} {} {sigview} {v(b_1)} 7
wv_dclick_list_item {Custom WaveView} {} {sigview} {v(b_1)} 7
wv_select_list_item {Custom WaveView} {} {sigview} {v(c_1)} 8
wv_dclick_list_item {Custom WaveView} {} {sigview} {v(c_1)} 8
wv_select_list_item {Custom WaveView} {} {sigview} {v(c_out)} 10
wv_select_list_item {Custom WaveView} {} {sigview} {v(c_out)} 10
wv_dclick_list_item {Custom WaveView} {} {sigview} {v(c_out)} 10
wv_select_list_item {Custom WaveView} {} {sigview} {v(s)} 12
wv_dclick_list_item {Custom WaveView} {} {sigview} {v(s)} 12
wv_resize_browser {Custom WaveView} {} {WV.Browser} 250 604
wv_resize_browser {Custom WaveView} {} {waveview 1:1} 678 578
wv_resize_window {Custom WaveView} 938 747
wv_select_tree_item {Custom WaveView} {} {hierview} {D0:Ex-2-2.mt0(0)@measure(0)} {0} {+sep=@}
wv_select_window {Custom WaveView} 
wv_move_window {Custom WaveView} {} 0 0
wv_move_window {Custom WaveView} {} 2254 125
wv_select_window {Custom WaveView} 
wv_press_tool_button {Custom WaveView} {} {UpdateWave0} 
wv_select_dialog {ReloadFiles} 
wv_press_button {ReloadFiles} {} {YesAll} 
wv_select_tree_item {Custom WaveView} {} {hierview} {D0:Ex-2-2.mt0(0)@measure(0)} {0} {+sep=@}
wv_select_window {Custom WaveView} 
wv_press_tool_button {Custom WaveView} {} {UpdateWave0} 
wv_select_dialog {ReloadFiles} 
wv_press_button {ReloadFiles} {} {YesAll} 
wv_select_tree_item {Custom WaveView} {} {hierview} {D0:Ex-2-2.mt0(0)@measure(0)} {0} {+sep=@}
wv_select_window {Custom WaveView} 
wv_resize_browser {Custom WaveView} {} {waveview 1:1} 897 578
wv_resize_window {Custom WaveView} 1157 747
wv_select_waveview 1 {waveview 1}
wv_select_panel WV1.PANEL4:1 1.85676e-08 0.476675
wv_select_waveview 1 {waveview 1}
wv_select_panel WV1.PANEL4:1 6.65782e-09 0.163899
wv_resize_browser {Custom WaveView} {} {waveview 1:1} 742 578
wv_resize_window {Custom WaveView} 1002 747
wv_select_window {Custom WaveView} 
wv_press_tool_button {Custom WaveView} {} {UpdateWave0} 
wv_select_dialog {ReloadFiles} 
wv_press_button {ReloadFiles} {} {YesAll} 
wv_select_tree_item {Custom WaveView} {} {hierview} {D0:Ex-2-2.mt0(0)@measure(0)} {0} {+sep=@}
wv_select_window {Custom WaveView} 
wv_move_window {Custom WaveView} {} 0 0
wv_move_window {Custom WaveView} {} 2254 125
wv_select_window {Custom WaveView} 
wv_press_tool_button {Custom WaveView} {} {UpdateWave0} 
wv_select_dialog {ReloadFiles} 
wv_press_button {ReloadFiles} {} {YesAll} 
wv_select_tree_item {Custom WaveView} {} {hierview} {D0:Ex-2-2.mt0(0)@measure(0)} {0} {+sep=@}
wv_select_window {Custom WaveView} 
wv_press_tool_button {Custom WaveView} {} {UpdateWave0} 
wv_select_window {Custom WaveView} 
wv_press_tool_button {Custom WaveView} {} {UpdateWave0} 
wv_select_dialog {ReloadFiles} 
wv_press_button {ReloadFiles} {} {YesAll} 
wv_select_tree_item {Custom WaveView} {} {hierview} {D0:Ex-2-2.mt0(0)@measure(0)} {0} {+sep=@}
wv_select_window {Custom WaveView} 
wv_press_tool_button {Custom WaveView} {} {UpdateWave0} 
wv_select_dialog {ReloadFiles} 
wv_press_button {ReloadFiles} {} {YesAll} 
wv_select_tree_item {Custom WaveView} {} {hierview} {D0:Ex-2-2.mt0(0)@measure(0)} {0} {+sep=@}
wv_select_window {Custom WaveView} 
wv_move_window {Custom WaveView} {} 0 0
wv_select_window {Custom WaveView} 
wv_move_window {Custom WaveView} {} 2254 125
wv_select_window {Custom WaveView} 
wv_press_tool_button {Custom WaveView} {waveview 1:1} {Waveview.CloseBtn} 
wv_select_dialog {Confirmation} 
wv_press_button {Confirmation} {} {Ok} 
wv_press_tool_button {Custom WaveView} {} {NewWaveView0} 
wv_resize_browser {Custom WaveView} {} {waveview 1:1} 742 578
wv_press_tool_button {Custom WaveView} {} {OpenWaveformFile0} 
wv_select_dialog {FileDialog} 
wv_select_list_item {FileDialog} {} {FileList} {..} 1
wv_dclick_list_item {FileDialog} {} {FileList} {..} 1
wv_select_list_item {FileDialog} {} {FileList} {Ex_2-3_and_2-4} 4
wv_dclick_list_item {FileDialog} {} {FileList} {Ex_2-3_and_2-4} 4
wv_select_list_item {FileDialog} {} {FileList} {Ex_2-4.tr0} 12 +ctrl
wv_select_list_item {FileDialog} {} {FileList} {Ex_2-4.mt0} 8 +ctrl
wv_press_button {FileDialog} {} {Ok} 
wv_select_tree_item {Custom WaveView} {} {hierview} {D1:Ex_2-4.mt0(2)} {0} {+sep=@}
wv_expand_tree_item {Custom WaveView} {} {hierview} {D1:Ex_2-4.mt0(2)} {+sep=@}
wv_select_tree_item {Custom WaveView} {} {hierview} {D1:Ex_2-4.mt0(2)@measure(0)} {0} {+sep=@}
wv_expand_tree_item {Custom WaveView} {} {hierview} {D1:Ex_2-4.tr0(3)} {+sep=@}
wv_select_tree_item {Custom WaveView} {} {hierview} {D1:Ex_2-4.tr0(3)@toplevel(0)} {0} {+sep=@}
wv_select_list_item {Custom WaveView} {} {sigview} {v(a0)} 4
wv_dclick_list_item {Custom WaveView} {} {sigview} {v(a0)} 4
wv_select_list_item {Custom WaveView} {} {sigview} {v(a1)} 5
wv_select_list_item {Custom WaveView} {} {sigview} {v(a1)} 5
wv_select_list_item {Custom WaveView} {} {sigview} {v(a1)} 5
wv_dclick_list_item {Custom WaveView} {} {sigview} {v(a1)} 5
wv_select_list_item {Custom WaveView} {} {sigview} {v(a2)} 6
wv_dclick_list_item {Custom WaveView} {} {sigview} {v(a2)} 6
wv_select_list_item {Custom WaveView} {} {sigview} {v(a3)} 7
wv_dclick_list_item {Custom WaveView} {} {sigview} {v(a3)} 7
wv_select_list_item {Custom WaveView} {} {sigview} {v(b0)} 12
wv_dclick_list_item {Custom WaveView} {} {sigview} {v(b0)} 12
wv_select_list_item {Custom WaveView} {} {sigview} {v(b1)} 13
wv_dclick_list_item {Custom WaveView} {} {sigview} {v(b1)} 13
wv_select_list_item {Custom WaveView} {} {sigview} {v(b2)} 14
wv_dclick_list_item {Custom WaveView} {} {sigview} {v(b2)} 14
wv_select_list_item {Custom WaveView} {} {sigview} {v(b3)} 15
wv_dclick_list_item {Custom WaveView} {} {sigview} {v(b3)} 15
wv_select_window {Custom WaveView} 
wv_select_tree_item {Custom WaveView} {} {hierview} {D1:Ex_2-4.mt0(2)@measure(0)} {0} {+sep=@}
wv_move_window {Custom WaveView} {} 0 0
wv_move_window {Custom WaveView} {} 2254 125
wv_select_window {Custom WaveView} 
wv_press_tool_button {Custom WaveView} {waveview 1:1} {Waveview.CloseBtn} 
wv_select_dialog {Confirmation} 
wv_press_button {Confirmation} {} {Ok} 
wv_press_tool_button {Custom WaveView} {} {NewWaveView0} 
wv_resize_browser {Custom WaveView} {} {waveview 1:1} 742 578
wv_select_tree_item {Custom WaveView} {} {hierview} {D0:Ex-2-2.mt0(0)@measure(0)} {0} {+sep=@}
wv_select_tree_item {Custom WaveView} {} {hierview} {D0:Ex-2-2.tr0(1)@toplevel(0)} {0} {+sep=@}
wv_select_list_item {Custom WaveView} {} {sigview} {v(a_1)} 5
wv_dclick_list_item {Custom WaveView} {} {sigview} {v(a_1)} 5
wv_move_window {Confirmation} {} 2538 405
wv_select_dialog {Confirmation} 
wv_press_button {Confirmation} {} {Ok} 
wv_select_tree_item {Custom WaveView} {} {hierview} {D0:Ex-2-2.tr0(1)@toplevel(0)} {0} {+sep=@}
wv_select_list_item {Custom WaveView} {} {sigview} {v(b_1)} 7
wv_dclick_list_item {Custom WaveView} {} {sigview} {v(b_1)} 7
wv_select_list_item {Custom WaveView} {} {sigview} {v(c_1)} 8
wv_select_list_item {Custom WaveView} {} {sigview} {v(c_1)} 8
wv_dclick_list_item {Custom WaveView} {} {sigview} {v(c_1)} 8
wv_select_list_item {Custom WaveView} {} {sigview} {v(c_out)} 10
wv_select_list_item {Custom WaveView} {} {sigview} {v(c_out)} 10
wv_dclick_list_item {Custom WaveView} {} {sigview} {v(c_out)} 10
wv_select_list_item {Custom WaveView} {} {sigview} {v(s)} 12
wv_dclick_list_item {Custom WaveView} {} {sigview} {v(s)} 12
wv_resize_browser {Custom WaveView} {} {WV.Browser} 250 874
wv_resize_browser {Custom WaveView} {} {waveview 1:1} 1660 848
wv_resize_window {Custom WaveView} 1920 1017
wv_move_window {Custom WaveView} {} 1920 23
wv_move_window {Custom WaveView} {} 0 0
wv_select_window {Custom WaveView} 
wv_move_window {Custom WaveView} {} 1920 23
wv_select_window {Custom WaveView} 
wv_move_window {Custom WaveView} {} 0 0
wv_move_window {Custom WaveView} {} 1920 23
wv_select_window {Custom WaveView} 
wv_resize_browser {Custom WaveView} {} {WV.Browser} 250 604
wv_resize_browser {Custom WaveView} {} {waveview 1:1} 742 578
wv_resize_window {Custom WaveView} 1002 747
wv_move_window {Custom WaveView} {} 2254 125
wv_select_window {Custom WaveView} 
wv_select_tree_item {Custom WaveView} {} {hierview} {D0:Ex-2-2.mt0(0)@measure(0)} {0} {+sep=@}
wv_select_window {Custom WaveView} 
wv_move_window {Custom WaveView} {} 0 0
wv_select_window {Custom WaveView} 
wv_move_window {Custom WaveView} {} 2254 125
wv_select_window {Custom WaveView} 
wv_press_tool_button {Custom WaveView} {} {UpdateWave0} 
wv_select_dialog {ReloadFiles} 
wv_press_button {ReloadFiles} {} {YesAll} 
wv_select_tree_item {Custom WaveView} {} {hierview} {D0:Ex-2-2.mt0(0)@measure(0)} {0} {+sep=@}
wv_move_window {Custom WaveView} {} 2555 147
wv_select_window {Custom WaveView} 
wv_select_tree_item {Custom WaveView} {} {hierview} {D1:Ex_2-4.mt0(2)@measure(0)} {0} {+sep=@}
wv_select_tree_item {Custom WaveView} {} {hierview} {D1:Ex_2-4.tr0(3)@toplevel(0)} {0} {+sep=@}
wv_select_tree_item {Custom WaveView} {} {hierview} {D1:Ex_2-4.mt0(2)@measure(0)} {0} {+sep=@}
wv_select_tree_item {Custom WaveView} {} {hierview} {D1:Ex_2-4.tr0(3)@toplevel(0)} {0} {+sep=@}
wv_select_tree_item {Custom WaveView} {} {hierview} {D1:Ex_2-4.mt0(2)@measure(0)} {0} {+sep=@}
wv_select_window {Custom WaveView} 
wv_press_tool_button {Custom WaveView} {} {UpdateWave0} 
wv_select_dialog {ReloadFiles} 
wv_press_button {ReloadFiles} {} {YesAll} 
wv_select_tree_item {Custom WaveView} {} {hierview} {D1:Ex_2-4.mt0(2)@measure(0)} {0} {+sep=@}
wv_select_window {Custom WaveView} 
wv_move_window {Custom WaveView} {} 0 0
wv_move_window {Custom WaveView} {} 2555 147
wv_select_window {Custom WaveView} 
wv_press_tool_button {Custom WaveView} {} {UpdateWave0} 
wv_select_dialog {ReloadFiles} 
wv_press_button {ReloadFiles} {} {YesAll} 
wv_select_tree_item {Custom WaveView} {} {hierview} {D1:Ex_2-4.mt0(2)@measure(0)} {0} {+sep=@}
wv_select_window {Custom WaveView} 
wv_move_window {Custom WaveView} {} 0 0
wv_move_window {Custom WaveView} {} 2555 147
wv_select_window {Custom WaveView} 
wv_press_tool_button {Custom WaveView} {} {UpdateWave0} 
wv_select_dialog {ReloadFiles} 
wv_press_button {ReloadFiles} {} {YesAll} 
wv_select_tree_item {Custom WaveView} {} {hierview} {D1:Ex_2-4.mt0(2)@measure(0)} {0} {+sep=@}
wv_close_window {Custom WaveView} 
wv_select_dialog {Confirmation} 
wv_close_dialog {Confirmation} 
wv_select_window {Custom WaveView} 
wv_press_tool_button {Custom WaveView} {} {UpdateWave0} 
wv_move_window {ReloadFiles} {} 2808 428
wv_select_dialog {ReloadFiles} 
wv_press_button {ReloadFiles} {} {YesAll} 
wv_select_tree_item {Custom WaveView} {} {hierview} {D1:Ex_2-4.mt0(2)@measure(0)} {0} {+sep=@}
wv_select_window {Custom WaveView} 
wv_move_window {Custom WaveView} {} 0 0
wv_move_window {Custom WaveView} {} 2555 147
wv_select_window {Custom WaveView} 
wv_move_window {Custom WaveView} {} 0 0
wv_move_window {Custom WaveView} {} 2555 147
wv_select_window {Custom WaveView} 
wv_press_tool_button {Custom WaveView} {} {UpdateWave0} 
wv_select_dialog {ReloadFiles} 
wv_press_button {ReloadFiles} {} {YesAll} 
wv_select_tree_item {Custom WaveView} {} {hierview} {D1:Ex_2-4.mt0(2)@measure(0)} {0} {+sep=@}
wv_move_window {Custom WaveView} {} 0 0
wv_move_window {Custom WaveView} {} 2555 147
wv_select_window {Custom WaveView} 
wv_press_tool_button {Custom WaveView} {} {UpdateWave0} 
wv_select_dialog {ReloadFiles} 
wv_press_button {ReloadFiles} {} {YesAll} 
wv_select_tree_item {Custom WaveView} {} {hierview} {D1:Ex_2-4.mt0(2)@measure(0)} {0} {+sep=@}
wv_select_tab {Custom WaveView} {} {WVTab} {waveview 1:1}
wv_select_window {Custom WaveView} 
wv_press_tool_button {Custom WaveView} {waveview 1:1} {Waveview.CloseBtn} 
wv_select_dialog {Confirmation} 
wv_press_button {Confirmation} {} {Ok} 
wv_press_tool_button {Custom WaveView} {} {NewWaveView0} 
wv_resize_browser {Custom WaveView} {} {waveview 1:1} 742 578
wv_select_tree_item {Custom WaveView} {} {hierview} {D1:Ex_2-4.tr0(3)@toplevel(0)} {0} {+sep=@}
wv_select_list_item {Custom WaveView} {} {sigview} {v(a0)} 4
wv_dclick_list_item {Custom WaveView} {} {sigview} {v(a0)} 4
wv_select_list_item {Custom WaveView} {} {sigview} {v(a1)} 5
wv_dclick_list_item {Custom WaveView} {} {sigview} {v(a1)} 5
wv_select_list_item {Custom WaveView} {} {sigview} {v(a2)} 6
wv_dclick_list_item {Custom WaveView} {} {sigview} {v(a2)} 6
wv_select_list_item {Custom WaveView} {} {sigview} {v(a3)} 7
wv_dclick_list_item {Custom WaveView} {} {sigview} {v(a3)} 7
wv_select_list_item {Custom WaveView} {} {sigview} {v(b0)} 12
wv_dclick_list_item {Custom WaveView} {} {sigview} {v(b0)} 12
wv_select_list_item {Custom WaveView} {} {sigview} {v(b1)} 13
wv_dclick_list_item {Custom WaveView} {} {sigview} {v(b1)} 13
wv_select_list_item {Custom WaveView} {} {sigview} {v(b2)} 14
wv_dclick_list_item {Custom WaveView} {} {sigview} {v(b2)} 14
wv_select_list_item {Custom WaveView} {} {sigview} {v(b3)} 15
wv_dclick_list_item {Custom WaveView} {} {sigview} {v(b3)} 15
wv_select_list_item {Custom WaveView} {} {sigview} {v(c_out)} 20
wv_dclick_list_item {Custom WaveView} {} {sigview} {v(c_out)} 20
wv_select_list_item {Custom WaveView} {} {sigview} {v(b[3])} 19
wv_dclick_list_item {Custom WaveView} {} {sigview} {v(b[3])} 19
wv_select_list_item {Custom WaveView} {} {sigview} {v(b[2])} 18
wv_dclick_list_item {Custom WaveView} {} {sigview} {v(b[2])} 18
wv_select_list_item {Custom WaveView} {} {sigview} {v(b[1])} 17
wv_dclick_list_item {Custom WaveView} {} {sigview} {v(b[1])} 17
wv_select_waveview 1 {waveview 1}
wv_shift_select_line WV1.PANEL10:1.LINE1
wv_release_wv_item WV1 46 402
wv_select_waveview 1 {waveview 1}
wv_shift_select_panel WV1.PANEL11:1.LEGEND
wv_release_wv_item WV1 43 437
wv_select_waveview 1 {waveview 1}
wv_shift_select_panel WV1.PANEL12:1.LEGEND
wv_release_wv_item WV1 43 488
wv_select_waveview 1 {waveview 1}
wv_shift_select_line WV1.PANEL12:1.LINE1
wv_release_wv_item WV1 41 482
wv_select_waveview 1 {waveview 1}
wv_shift_select_line WV1.PANEL9:1.LINE1
wv_release_wv_item WV1 44 358
wv_select_waveview 1 {waveview 1}
wv_shift_select_line WV1.PANEL11:1.LINE1
wv_release_wv_item WV1 54 444
wv_select_waveview 1 {waveview 1}
wv_waveview_context_menu WV1.PANEL10:1.LEGEND
wv_select_waveview 1 {waveview 1}
wv_select_menu_item {Custom WaveView} {waveview 1:1} {PanelPopMenu.Cut} 
wv_press_button {Confirmation} {} {Ok} 
wv_select_waveview 1 {waveview 1}
wv_shift_select_line WV1.PANEL10:1.LINE1
wv_release_wv_item WV1 60 439
wv_select_waveview 1 {waveview 1}
wv_waveview_context_menu WV1.PANEL10:1.LEGEND
wv_select_waveview 1 {waveview 1}
wv_select_menu_item {Custom WaveView} {waveview 1:1} {PanelPopMenu.Delete} 
wv_press_button {Confirmation} {} {Ok} 
wv_select_list_item {Custom WaveView} {} {sigview} {v(b[2])} 18
wv_dclick_list_item {Custom WaveView} {} {sigview} {v(b[2])} 18
wv_select_list_item {Custom WaveView} {} {sigview} {v(b[3])} 19
wv_dclick_list_item {Custom WaveView} {} {sigview} {v(b[3])} 19
wv_resize_browser {Custom WaveView} {} {waveview 1:1} 743 578
wv_resize_window {Custom WaveView} 1003 747
wv_resize_browser {Custom WaveView} {} {waveview 1:1} 754 578
wv_resize_window {Custom WaveView} 1014 747
wv_resize_browser {Custom WaveView} {} {waveview 1:1} 743 578
wv_resize_window {Custom WaveView} 1014 747
wv_resize_browser {Custom WaveView} {} {WV.Browser} 250 605
wv_resize_browser {Custom WaveView} {} {waveview 1:1} 800 579
wv_resize_window {Custom WaveView} 1060 748
wv_resize_browser {Custom WaveView} {} {WV.Browser} 250 604
wv_resize_browser {Custom WaveView} {} {waveview 1:1} 754 578
wv_resize_window {Custom WaveView} 1060 748
wv_resize_browser {Custom WaveView} {} {WV.Browser} 250 605
wv_resize_browser {Custom WaveView} {} {waveview 1:1} 803 579
wv_resize_window {Custom WaveView} 1063 748
wv_resize_browser {Custom WaveView} {} {waveview 1:1} 800 579
wv_resize_window {Custom WaveView} 1063 748
wv_resize_browser {Custom WaveView} {} {waveview 1:1} 811 579
wv_resize_window {Custom WaveView} 1071 748
wv_resize_browser {Custom WaveView} {} {waveview 1:1} 803 579
wv_resize_window {Custom WaveView} 1071 748
wv_resize_browser {Custom WaveView} {} {WV.Browser} 250 608
wv_resize_browser {Custom WaveView} {} {waveview 1:1} 850 582
wv_resize_window {Custom WaveView} 1110 751
wv_resize_browser {Custom WaveView} {} {WV.Browser} 250 605
wv_resize_browser {Custom WaveView} {} {waveview 1:1} 811 579
wv_resize_window {Custom WaveView} 1110 751
wv_resize_browser {Custom WaveView} {} {WV.Browser} 250 609
wv_resize_browser {Custom WaveView} {} {waveview 1:1} 850 583
wv_resize_window {Custom WaveView} 1110 752
wv_resize_browser {Custom WaveView} {} {WV.Browser} 250 608
wv_resize_browser {Custom WaveView} {} {waveview 1:1} 850 582
wv_resize_window {Custom WaveView} 1110 752
wv_resize_browser {Custom WaveView} {} {WV.Browser} 250 609
wv_resize_browser {Custom WaveView} {} {waveview 1:1} 850 583
wv_resize_window {Custom WaveView} 1110 752
wv_select_tree_item {Custom WaveView} {} {hierview} {D1:Ex_2-4.mt0(2)@measure(0)} {0} {+sep=@}
wv_select_window {Custom WaveView} 
wv_press_tool_button {Custom WaveView} {} {UpdateWave0} 
wv_select_dialog {ReloadFiles} 
wv_press_button {ReloadFiles} {} {YesAll} 
wv_select_tree_item {Custom WaveView} {} {hierview} {D1:Ex_2-4.mt0(2)@measure(0)} {0} {+sep=@}
wv_select_window {Custom WaveView} 
wv_move_window {Custom WaveView} {} 2278 107
wv_select_window {Custom WaveView} 
wv_move_window {Custom WaveView} {} 0 0
