### Custom WaveView ADV log file, revision T-2022.06 (build May 21, ) ###
### created at 20:41:19 on Mon Oct 30 2023 (Linux AMD64) ###
### Host Name: ee21   User ID: dic290   PID: 89612   ###
wv_start_log
# (0) running in waveview only mode
# (0) SW_SX_PERL_LIB defined
# (0) SW_SX_TCL_LIB defined
# (0) HOME defined
wv_move_window {Custom WaveView} {} 2136 239
wv_select_window {Custom WaveView} 
wv_move_window {Custom WaveView} {} 1914 31
wv_press_tool_button {Custom WaveView} {} {OpenWaveform0} 
wv_select_dialog {FileDialog} 
wv_select_list_item {FileDialog} {} {FileList} {Ex_2-1.mt0} 5 +ctrl
wv_select_list_item {FileDialog} {} {FileList} {Ex_2-1.tr0} 9 +ctrl
wv_press_button {FileDialog} {} {Ok} 
wv_select_tree_item {Custom WaveView} {} {hierview} {D0:Ex_2-1.mt0(0)} {0} {+sep=@}
wv_select_tree_item {Custom WaveView} {} {hierview} {D0:Ex_2-1.tr0(1)} {0} {+sep=@}
wv_expand_tree_item {Custom WaveView} {} {hierview} {D0:Ex_2-1.tr0(1)} {+sep=@}
wv_select_tree_item {Custom WaveView} {} {hierview} {D0:Ex_2-1.tr0(1)} {0} {+sep=@}
wv_select_tree_item {Custom WaveView} {} {hierview} {D0:Ex_2-1.tr0(1)@toplevel(0)} {0} {+sep=@}
wv_select_list_item {Custom WaveView} {} {sigview} {v(a_1)} 5
wv_dclick_list_item {Custom WaveView} {} {sigview} {v(a_1)} 5
wv_select_list_item {Custom WaveView} {} {sigview} {v(b_1)} 7
wv_dclick_list_item {Custom WaveView} {} {sigview} {v(b_1)} 7
wv_select_list_item {Custom WaveView} {} {sigview} {v(c_1)} 8
wv_dclick_list_item {Custom WaveView} {} {sigview} {v(c_1)} 8
wv_select_list_item {Custom WaveView} {} {sigview} {v(c_out)} 10
wv_dclick_list_item {Custom WaveView} {} {sigview} {v(c_out)} 10
wv_select_list_item {Custom WaveView} {} {sigview} {v(c_out)} 10
wv_select_window {Custom WaveView} 
wv_press_tool_button {Custom WaveView} {} {UpdateWave0} 
wv_select_dialog {ReloadFiles} 
wv_press_button {ReloadFiles} {} {YesAll} 
wv_move_window {Custom WaveView} {} 0 0
wv_move_window {Custom WaveView} {} 1914 31
wv_select_window {Custom WaveView} 
wv_move_window {Custom WaveView} {} 0 0
wv_move_window {Custom WaveView} {} 1914 31
wv_select_window {Custom WaveView} 
wv_move_window {Custom WaveView} {} 0 0
wv_move_window {Custom WaveView} {} 1914 31
wv_select_window {Custom WaveView} 
wv_move_window {Custom WaveView} {} 0 0
wv_move_window {Custom WaveView} {} 1914 31
wv_select_window {Custom WaveView} 
wv_move_window {Custom WaveView} {} 0 0
wv_move_window {Custom WaveView} {} 1914 31
wv_select_window {Custom WaveView} 
wv_move_window {Custom WaveView} {} 0 0
wv_move_window {Custom WaveView} {} 1914 31
wv_select_window {Custom WaveView} 
wv_move_window {Custom WaveView} {} 0 0
wv_move_window {Custom WaveView} {} 1914 31
wv_select_window {Custom WaveView} 
wv_move_window {Custom WaveView} {} 0 0
wv_move_window {Custom WaveView} {} 1914 31
wv_select_window {Custom WaveView} 
wv_move_window {Custom WaveView} {} 0 0
wv_move_window {Custom WaveView} {} 1914 31
wv_select_window {Custom WaveView} 
wv_move_window {Custom WaveView} {} 0 0
wv_move_window {Custom WaveView} {} 1914 31
wv_select_window {Custom WaveView} 
wv_press_tool_button {Custom WaveView} {} {UpdateWave0} 
wv_select_dialog {ReloadFiles} 
wv_press_button {ReloadFiles} {} {YesAll} 
wv_move_window {Custom WaveView} {} 0 0
wv_move_window {Custom WaveView} {} 1914 31
wv_select_window {Custom WaveView} 
wv_press_tool_button {Custom WaveView} {} {UpdateWave0} 
wv_move_window {ReloadFiles} {} 2653 447
wv_select_dialog {ReloadFiles} 
wv_press_button {ReloadFiles} {} {YesAll} 
wv_select_tree_item {Custom WaveView} {} {hierview} {D0:Ex_2-1.tr0(1)@toplevel(0)} {0} {+sep=@}
wv_select_list_item {Custom WaveView} {} {sigview} {v(s)} 11
wv_dclick_list_item {Custom WaveView} {} {sigview} {v(s)} 11
wv_move_window {Custom WaveView} {} 0 0
wv_move_window {Custom WaveView} {} 1914 31
wv_select_window {Custom WaveView} 
wv_move_window {Custom WaveView} {} 0 0
wv_move_window {Custom WaveView} {} 1914 31
wv_select_window {Custom WaveView} 
wv_move_window {Custom WaveView} {} 0 0
wv_move_window {Custom WaveView} {} 1914 31
wv_select_window {Custom WaveView} 
wv_move_window {Custom WaveView} {} 0 0
wv_move_window {Custom WaveView} {} 1914 31
wv_select_window {Custom WaveView} 
wv_select_waveview 1 {waveview 1}
wv_select_panel WV1.PANEL5:1 4.94397e-10 0.498541
wv_select_panel WV1.PANEL5:1 4.94397e-10 0.498541 btnup
wv_select_waveview 1 {waveview 1}
wv_select_panel WV1.PANEL5:1 4.70666e-10 0.304756
wv_select_waveview 1 {waveview 1}
wv_select_panel WV1.PANEL5:1 1.03032e-09 0.207864
wv_drag_item_to WV1 646 740
wv_zoom WV1.PANEL5:1 1.03032e-09 0.207864 1.04614e-09 0.230662
wv_press_tool_button {Custom WaveView} {} {UpdateWave0} 
wv_select_window {Custom WaveView} 
wv_select_waveview 1 {waveview 1}
wv_ctrl_select_line WV1.PANEL1:1.LINE1
wv_select_waveview 1 {waveview 1}
wv_ctrl_select_line WV1.PANEL2:1.LINE1
wv_select_waveview 1 {waveview 1}
wv_ctrl_select_line WV1.PANEL3:1.LINE1
wv_select_waveview 1 {waveview 1}
wv_ctrl_select_line WV1.PANEL4:1.LINE1
wv_select_waveview 1 {waveview 1}
wv_waveview_context_menu WV1.PANEL5:1.LINE1
wv_select_waveview 1 {waveview 1}
wv_select_menu_item {Custom WaveView} {waveview 1:1} {SignalPopMenu.Delete} 
wv_press_button {Confirmation} {} {Ok} 
wv_select_list_item {Custom WaveView} {} {sigview} {v(a_1)} 5
wv_dclick_list_item {Custom WaveView} {} {sigview} {v(a_1)} 5
wv_select_list_item {Custom WaveView} {} {sigview} {v(b_1)} 7
wv_dclick_list_item {Custom WaveView} {} {sigview} {v(b_1)} 7
wv_select_list_item {Custom WaveView} {} {sigview} {v(c_1)} 8
wv_dclick_list_item {Custom WaveView} {} {sigview} {v(c_1)} 8
wv_select_list_item {Custom WaveView} {} {sigview} {v(c_out)} 10
wv_dclick_list_item {Custom WaveView} {} {sigview} {v(c_out)} 10
wv_select_list_item {Custom WaveView} {} {sigview} {v(s)} 11
wv_dclick_list_item {Custom WaveView} {} {sigview} {v(s)} 11
wv_move_window {Custom WaveView} {} 0 0
wv_move_window {Custom WaveView} {} 1914 31
wv_select_window {Custom WaveView} 
wv_move_window {Custom WaveView} {} 0 0
wv_move_window {Custom WaveView} {} 1914 31
wv_select_window {Custom WaveView} 
wv_move_window {Custom WaveView} {} 0 0
wv_move_window {Custom WaveView} {} 1914 31
wv_select_window {Custom WaveView} 
wv_move_window {Custom WaveView} {} 0 0
wv_move_window {Custom WaveView} {} 1914 31
wv_select_window {Custom WaveView} 
wv_move_window {Custom WaveView} {} 0 0
wv_move_window {Custom WaveView} {} 1914 31
wv_select_window {Custom WaveView} 
wv_move_window {Custom WaveView} {} 0 0
wv_move_window {Custom WaveView} {} 1914 31
wv_select_window {Custom WaveView} 
wv_move_window {Custom WaveView} {} 0 23
wv_move_window {Custom WaveView} {} 8 31
wv_move_window {Custom WaveView} {} 0 23
wv_select_waveview 1 {waveview 1}
wv_select_panel WV1.PANEL1:1 7.79169e-10 -0.0249872
wv_select_window {Custom WaveView} 
wv_select_panel WV1.PANEL1:1 7.79169e-10 -0.0249872 btnup
wv_select_waveview 1 {waveview 1}
wv_select_panel WV1.PANEL1:1 8.62228e-10 0.358934
wv_press_tool_button {Custom WaveView} {} {UpdateWave0} 
wv_select_dialog {ReloadFiles} 
wv_press_button {ReloadFiles} {} {YesAll} 
wv_press_tool_button {Custom WaveView} {} {UpdateWave0} 
wv_select_tree_item {Custom WaveView} {} {hierview} {D0:Ex_2-1.mt0(0)} {0} {+sep=@}
wv_expand_tree_item {Custom WaveView} {} {hierview} {D0:Ex_2-1.mt0(0)} {+sep=@}
wv_select_tree_item {Custom WaveView} {} {hierview} {D0:Ex_2-1.mt0(0)@measure(0)} {0} {+sep=@}
wv_move_window {Custom WaveView} {} 2145 57
wv_move_window {Custom WaveView} {} 1873 36
wv_move_window {Custom WaveView} {} 1920 23
wv_move_window {Custom WaveView} {} 1873 36
wv_resize_browser {Custom WaveView} {} {WV.Browser} 250 629
wv_resize_browser {Custom WaveView} {} {waveview 1:1} 1096 603
wv_resize_window {Custom WaveView} 1356 772
wv_move_window {Custom WaveView} {} 1873 281
wv_move_window {Custom WaveView} {} 2255 188
wv_select_waveview 1 {waveview 1}
wv_select_wv_item WV1.PANEL1:1.LEGEND
wv_select_panel WV1.PANEL1:1.LEGEND
wv_select_window {Custom WaveView} 
wv_resize_browser {Custom WaveView} {} {WV.Browser} 250 613
wv_resize_browser {Custom WaveView} {} {waveview 1:1} 635 587
wv_resize_window {Custom WaveView} 895 756
wv_move_window {Custom WaveView} {} 2255 204
wv_resize_browser {Custom WaveView} {} {WV.Browser} 250 573
wv_resize_browser {Custom WaveView} {} {waveview 1:1} 689 547
wv_resize_window {Custom WaveView} 949 716
wv_resize_browser {Custom WaveView} {} {waveview 1:1} 672 547
wv_resize_window {Custom WaveView} 932 716
wv_move_window {Custom WaveView} {} 2272 204
wv_resize_browser {Custom WaveView} {} {WV.Browser} 250 541
wv_resize_browser {Custom WaveView} {} {waveview 1:1} 672 515
wv_resize_window {Custom WaveView} 932 684
wv_select_window {Custom WaveView} 
wv_move_window {Custom WaveView} {} 0 0
wv_move_window {Custom WaveView} {} 2272 204
wv_select_window {Custom WaveView} 
wv_select_waveview 1 {waveview 1}
wv_ctrl_select_line WV1.PANEL1:1.LINE1
wv_select_waveview 1 {waveview 1}
wv_ctrl_select_line WV1.PANEL2:1.LINE1
wv_select_waveview 1 {waveview 1}
wv_ctrl_select_line WV1.PANEL3:1.LINE1
wv_select_waveview 1 {waveview 1}
wv_ctrl_select_line WV1.PANEL4:1.LINE1
wv_select_waveview 1 {waveview 1}
wv_ctrl_select_line WV1.PANEL5:1.LINE1
wv_select_waveview 1 {waveview 1}
wv_waveview_context_menu WV1.PANEL4:1.LEGEND
wv_select_waveview 1 {waveview 1}
wv_ctrl_select_line WV1.PANEL5:1.LINE1
wv_select_waveview 1 {waveview 1}
wv_ctrl_select_panel WV1.PANEL4:1.LEGEND
wv_select_waveview 1 {waveview 1}
wv_ctrl_select_panel WV1.PANEL4:1.LEGEND
wv_select_waveview 1 {waveview 1}
wv_ctrl_select_line WV1.PANEL3:1.LINE1
wv_select_waveview 1 {waveview 1}
wv_ctrl_select_line WV1.PANEL4:1.LINE1
wv_select_waveview 1 {waveview 1}
wv_ctrl_select_line WV1.PANEL2:1.LINE1
wv_select_waveview 1 {waveview 1}
wv_ctrl_select_line WV1.PANEL1:1.LINE1
wv_select_waveview 1 {waveview 1}
wv_waveview_context_menu WV1.PANEL1:1.LINE1
wv_select_waveview 1 {waveview 1}
wv_select_menu_item {Custom WaveView} {waveview 1:1} {SignalPopMenu.Delete} 
wv_press_button {Confirmation} {} {Ok} 
wv_move_window {Custom WaveView} {} 0 0
wv_move_window {Custom WaveView} {} 2272 204
wv_select_window {Custom WaveView} 
wv_move_window {Custom WaveView} {} 0 0
wv_move_window {Custom WaveView} {} 2272 204
wv_select_window {Custom WaveView} 
wv_move_window {Custom WaveView} {} 0 0
wv_move_window {Custom WaveView} {} 2272 204
wv_select_window {Custom WaveView} 
wv_move_window {Custom WaveView} {} 0 0
wv_move_window {Custom WaveView} {} 2272 204
wv_select_window {Custom WaveView} 
wv_press_tool_button {Custom WaveView} {} {OpenWaveformFile0} 
wv_select_dialog {FileDialog} 
wv_select_list_item {FileDialog} {} {FileList} {..} 1
wv_dclick_list_item {FileDialog} {} {FileList} {..} 1
wv_select_list_item {FileDialog} {} {FileList} {Ex_2-2} 3
wv_dclick_list_item {FileDialog} {} {FileList} {Ex_2-2} 3
wv_select_list_item {FileDialog} {} {FileList} {Ex-2-2.tr0} 9 +ctrl
wv_select_list_item {FileDialog} {} {FileList} {Ex-2-2.mt0} 5 +ctrl
wv_press_button {FileDialog} {} {Ok} 
wv_expand_tree_item {Custom WaveView} {} {hierview} {D1:Ex-2-2.mt0(2)} {+sep=@}
wv_select_tree_item {Custom WaveView} {} {hierview} {D1:Ex-2-2.mt0(2)@measure(0)} {0} {+sep=@}
wv_select_tree_item {Custom WaveView} {} {hierview} {D1:Ex-2-2.tr0(3)} {0} {+sep=@}
wv_select_tree_item {Custom WaveView} {} {hierview} {D1:Ex-2-2.tr0(3)} {0} {+sep=@}
wv_expand_tree_item {Custom WaveView} {} {hierview} {D1:Ex-2-2.tr0(3)} {+sep=@}
wv_select_tree_item {Custom WaveView} {} {hierview} {D1:Ex-2-2.tr0(3)@toplevel(0)} {0} {+sep=@}
wv_expand_tree_item {Custom WaveView} {} {hierview} {D1:Ex-2-2.tr0(3)@toplevel(0)} {+sep=@}
wv_select_tree_item {Custom WaveView} {} {hierview} {D1:Ex-2-2.tr0(3)@toplevel(0)} {0} {+sep=@}
wv_select_tree_item {Custom WaveView} {} {hierview} {D1:Ex-2-2.mt0(2)@measure(0)} {0} {+sep=@}
wv_press_tool_button {Custom WaveView} {} {OpenWaveformFile0} 
wv_select_dialog {FileDialog} 
wv_close_dialog {FileDialog} 
wv_select_window {Custom WaveView} 
wv_close_window {Custom WaveView} 
wv_select_dialog {Confirmation} 
wv_press_button {Confirmation} {} {Cancel} 
wv_close_window {Custom WaveView} 
wv_select_dialog {Confirmation} 
#wv_press_button {Confirmation} {} {Ok} 
